[01m[K/home/sz/ros2_ws/src/my_cpp_pkg/src/my_first_node.cpp:[m[K In constructor â€˜[01m[KMyNode::MyNode()[m[Kâ€™:
[01m[K/home/sz/ros2_ws/src/my_cpp_pkg/src/my_first_node.cpp:16:41:[m[K [01;31m[Kerror: [m[Kâ€˜[01m[Kclass MyNode[m[Kâ€™ has no member named â€˜[01m[Ktimer_callback[m[Kâ€™
   16 |         rclcpp::create_timer(0.5, this->[01;31m[Ktimer_callback[m[K());
      |                                         [01;31m[K^~~~~~~~~~~~~~[m[K
[01m[K/home/sz/ros2_ws/src/my_cpp_pkg/src/my_first_node.cpp:[m[K At global scope:
[01m[K/home/sz/ros2_ws/src/my_cpp_pkg/src/my_first_node.cpp:21:6:[m[K [01;31m[Kerror: [m[Kno declaration matches â€˜[01m[Kvoid MyNode::timer_callback()[m[Kâ€™
   21 | void [01;31m[KMyNode[m[K::timer_callback() {
      |      [01;31m[K^~~~~~[m[K
[01m[K/home/sz/ros2_ws/src/my_cpp_pkg/src/my_first_node.cpp:21:6:[m[K [01;36m[Knote: [m[Kno functions named â€˜[01m[Kvoid MyNode::timer_callback()[m[Kâ€™
[01m[K/home/sz/ros2_ws/src/my_cpp_pkg/src/my_first_node.cpp:5:7:[m[K [01;36m[Knote: [m[Kâ€˜[01m[Kclass MyNode[m[Kâ€™ defined here
    5 | class [01;36m[KMyNode[m[K: public rclcpp::Node
      |       [01;36m[K^~~~~~[m[K
make[2]: *** [CMakeFiles/cpp_node.dir/build.make:63: CMakeFiles/cpp_node.dir/src/my_first_node.cpp.o] Error 1
make[1]: *** [CMakeFiles/Makefile2:78: CMakeFiles/cpp_node.dir/all] Error 2
make: *** [Makefile:141: all] Error 2
