[01m[K/home/sz/ros2_ws/src/my_cpp_pkg/src/smartphone.cpp:[m[K In constructor â€˜[01m[KSmartphoneNode::SmartphoneNode()[m[Kâ€™:
[01m[K/home/sz/ros2_ws/src/my_cpp_pkg/src/smartphone.cpp:17:84:[m[K [01;31m[Kerror: [m[Kâ€˜[01m[K_1[m[Kâ€™ was not declared in this scope; did you mean â€˜[01m[Kstd::placeholders::_1[m[Kâ€™?
   17 |         auto call_back_OBJ = std::bind(&SmartphoneNode::callback_robot_news, this, [01;31m[K_1[m[K);
      |                                                                                    [01;31m[K^~[m[K
      |                                                                                    [32m[Kstd::placeholders::_1[m[K
In file included from [01m[K/opt/ros/foxy/include/rclcpp/context.hpp:19[m[K,
                 from [01m[K/opt/ros/foxy/include/rclcpp/contexts/default_context.hpp:18[m[K,
                 from [01m[K/opt/ros/foxy/include/rclcpp/executor.hpp:32[m[K,
                 from [01m[K/opt/ros/foxy/include/rclcpp/executors/multi_threaded_executor.hpp:25[m[K,
                 from [01m[K/opt/ros/foxy/include/rclcpp/executors.hpp:21[m[K,
                 from [01m[K/opt/ros/foxy/include/rclcpp/rclcpp.hpp:146[m[K,
                 from [01m[K/home/sz/ros2_ws/src/my_cpp_pkg/src/smartphone.cpp:2[m[K:
[01m[K/usr/include/c++/9/functional:211:34:[m[K [01;36m[Knote: [m[Kâ€˜[01m[Kstd::placeholders::_1[m[Kâ€™ declared here
  211 |     extern const _Placeholder<1> [01;36m[K_1[m[K;
      |                                  [01;36m[K^~[m[K
make[2]: *** [CMakeFiles/smartphone.dir/build.make:63: CMakeFiles/smartphone.dir/src/smartphone.cpp.o] Error 1
make[1]: *** [CMakeFiles/Makefile2:82: CMakeFiles/smartphone.dir/all] Error 2
make[1]: *** Waiting for unfinished jobs....
make: *** [Makefile:141: all] Error 2
