[35m[1mScanning dependencies of target cpp_node[0m
[ 50%] [32mBuilding CXX object CMakeFiles/cpp_node.dir/src/my_first_node.cpp.o[0m
[01m[K/home/sz/ros2_ws/src/my_cpp_pkg/src/my_first_node.cpp:[m[K In member function â€˜[01m[Kvoid MyNode::counter_up()[m[Kâ€™:
[01m[K/home/sz/ros2_ws/src/my_cpp_pkg/src/my_first_node.cpp:24:41:[m[K [01;31m[Kerror: [m[Kinvalid use of non-static member function â€˜[01m[Kvoid MyNode::timer_callback()[m[Kâ€™
   24 |         rclcpp::create_timer(0.5, [01;31m[Kthis->timer_callback[m[K);
      |                                   [01;31m[K~~~~~~^~~~~~~~~~~~~~[m[K
[01m[K/home/sz/ros2_ws/src/my_cpp_pkg/src/my_first_node.cpp:18:10:[m[K [01;36m[Knote: [m[Kdeclared here
   18 |     void [01;36m[Ktimer_callback[m[K() {
      |          [01;36m[K^~~~~~~~~~~~~~[m[K
make[2]: *** [CMakeFiles/cpp_node.dir/build.make:63: CMakeFiles/cpp_node.dir/src/my_first_node.cpp.o] Error 1
make[1]: *** [CMakeFiles/Makefile2:78: CMakeFiles/cpp_node.dir/all] Error 2
make: *** [Makefile:141: all] Error 2
