[0.024s] Invoking command in '/home/sz/ros2_ws/build/my_cpp_pkg': CMAKE_PREFIX_PATH=${CMAKE_PREFIX_PATH}:/home/sz/ros2_ws/install/my_py_pkg:/opt/ros/foxy /usr/bin/cmake --build /home/sz/ros2_ws/build/my_cpp_pkg -- -j2 -l2
[0.111s] [35m[1mScanning dependencies of target cpp_node[0m
[0.182s] [ 50%] [32mBuilding CXX object CMakeFiles/cpp_node.dir/src/my_first_node.cpp.o[0m
[2.756s] [01m[K/home/sz/ros2_ws/src/my_cpp_pkg/src/my_first_node.cpp:[m[K In constructor â€˜[01m[KMyNode::MyNode()[m[Kâ€™:
[2.757s] [01m[K/home/sz/ros2_ws/src/my_cpp_pkg/src/my_first_node.cpp:16:41:[m[K [01;31m[Kerror: [m[Kâ€˜[01m[Kclass MyNode[m[Kâ€™ has no member named â€˜[01m[Ktimer_callback[m[Kâ€™
[2.757s]    16 |         rclcpp::create_timer(0.5, this->[01;31m[Ktimer_callback[m[K());
[2.757s]       |                                         [01;31m[K^~~~~~~~~~~~~~[m[K
[2.757s] [01m[K/home/sz/ros2_ws/src/my_cpp_pkg/src/my_first_node.cpp:[m[K At global scope:
[2.757s] [01m[K/home/sz/ros2_ws/src/my_cpp_pkg/src/my_first_node.cpp:21:6:[m[K [01;31m[Kerror: [m[Kno declaration matches â€˜[01m[Kvoid MyNode::timer_callback()[m[Kâ€™
[2.758s]    21 | void [01;31m[KMyNode[m[K::timer_callback() {
[2.758s]       |      [01;31m[K^~~~~~[m[K
[2.758s] [01m[K/home/sz/ros2_ws/src/my_cpp_pkg/src/my_first_node.cpp:21:6:[m[K [01;36m[Knote: [m[Kno functions named â€˜[01m[Kvoid MyNode::timer_callback()[m[Kâ€™
[2.758s] [01m[K/home/sz/ros2_ws/src/my_cpp_pkg/src/my_first_node.cpp:5:7:[m[K [01;36m[Knote: [m[Kâ€˜[01m[Kclass MyNode[m[Kâ€™ defined here
[2.758s]     5 | class [01;36m[KMyNode[m[K: public rclcpp::Node
[2.758s]       |       [01;36m[K^~~~~~[m[K
[3.766s] make[2]: *** [CMakeFiles/cpp_node.dir/build.make:63: CMakeFiles/cpp_node.dir/src/my_first_node.cpp.o] Error 1
[3.766s] make[1]: *** [CMakeFiles/Makefile2:78: CMakeFiles/cpp_node.dir/all] Error 2
[3.767s] make: *** [Makefile:141: all] Error 2
[3.776s] Invoked command in '/home/sz/ros2_ws/build/my_cpp_pkg' returned '2': CMAKE_PREFIX_PATH=${CMAKE_PREFIX_PATH}:/home/sz/ros2_ws/install/my_py_pkg:/opt/ros/foxy /usr/bin/cmake --build /home/sz/ros2_ws/build/my_cpp_pkg -- -j2 -l2
