[0.033s] Invoking command in '/home/sz/ros2_ws/build/my_cpp_pkg': CMAKE_PREFIX_PATH=${CMAKE_PREFIX_PATH}:/home/sz/ros2_ws/install/my_py_pkg:/opt/ros/foxy /usr/bin/cmake --build /home/sz/ros2_ws/build/my_cpp_pkg -- -j2 -l2
[0.144s] [35m[1mScanning dependencies of target cpp_node[0m
[0.215s] [ 50%] [32mBuilding CXX object CMakeFiles/cpp_node.dir/src/my_first_node.cpp.o[0m
[4.451s] [01m[K/home/sz/ros2_ws/src/my_cpp_pkg/src/my_first_node.cpp:[m[K In constructor â€˜[01m[KMyNode::MyNode()[m[Kâ€™:
[4.451s] [01m[K/home/sz/ros2_ws/src/my_cpp_pkg/src/my_first_node.cpp:18:60:[m[K [01;31m[Kerror: [m[Kconversion from â€˜[01m[Kstd::_Bind_helper<false, void (MyNode::*)(), MyNode*>::type[m[Kâ€™ {aka â€˜[01m[Kstd::_Bind<void (MyNode::*(MyNode*))()>[m[Kâ€™} to non-scalar type â€˜[01m[Kstd::function<int(int)>[m[Kâ€™ requested
[4.452s]    18 |         std::function<int (int) > bind_func_OBJ = [01;31m[Kstd::bind(&MyNode::timer_callback, this)[m[K;
[4.452s]       |                                                   [01;31m[K~~~~~~~~~^~~~~~~~~~~~~~~~~~~~~~~~~~~~~~~[m[K
[5.291s] make[2]: *** [CMakeFiles/cpp_node.dir/build.make:63: CMakeFiles/cpp_node.dir/src/my_first_node.cpp.o] Error 1
[5.291s] make[1]: *** [CMakeFiles/Makefile2:78: CMakeFiles/cpp_node.dir/all] Error 2
[5.291s] make: *** [Makefile:141: all] Error 2
[5.301s] Invoked command in '/home/sz/ros2_ws/build/my_cpp_pkg' returned '2': CMAKE_PREFIX_PATH=${CMAKE_PREFIX_PATH}:/home/sz/ros2_ws/install/my_py_pkg:/opt/ros/foxy /usr/bin/cmake --build /home/sz/ros2_ws/build/my_cpp_pkg -- -j2 -l2
