[01m[K/home/sz/ros2_ws/src/my_cpp_pkg/src/my_first_node.cpp:[m[K In member function â€˜[01m[Kvoid MyNode::counter_up()[m[Kâ€™:
[01m[K/home/sz/ros2_ws/src/my_cpp_pkg/src/my_first_node.cpp:24:57:[m[K [01;31m[Kerror: [m[Kinvalid use of void expression
   24 |         rclcpp::create_timer(0.5, this->timer_callback()[01;31m[K)[m[K;
      |                                                         [01;31m[K^[m[K
make[2]: *** [CMakeFiles/cpp_node.dir/build.make:63: CMakeFiles/cpp_node.dir/src/my_first_node.cpp.o] Error 1
make[1]: *** [CMakeFiles/Makefile2:78: CMakeFiles/cpp_node.dir/all] Error 2
make: *** [Makefile:141: all] Error 2
