[35m[1mScanning dependencies of target cpp_node[0m
[ 50%] [32mBuilding CXX object CMakeFiles/cpp_node.dir/src/my_first_node.cpp.o[0m
In file included from [01m[K/opt/ros/foxy/include/rclcpp/client.hpp:40[m[K,
                 from [01m[K/opt/ros/foxy/include/rclcpp/callback_group.hpp:23[m[K,
                 from [01m[K/opt/ros/foxy/include/rclcpp/any_executable.hpp:20[m[K,
                 from [01m[K/opt/ros/foxy/include/rclcpp/memory_strategy.hpp:24[m[K,
                 from [01m[K/opt/ros/foxy/include/rclcpp/memory_strategies.hpp:18[m[K,
                 from [01m[K/opt/ros/foxy/include/rclcpp/executor_options.hpp:20[m[K,
                 from [01m[K/opt/ros/foxy/include/rclcpp/executor.hpp:33[m[K,
                 from [01m[K/opt/ros/foxy/include/rclcpp/executors/multi_threaded_executor.hpp:25[m[K,
                 from [01m[K/opt/ros/foxy/include/rclcpp/executors.hpp:21[m[K,
                 from [01m[K/opt/ros/foxy/include/rclcpp/rclcpp.hpp:146[m[K,
                 from [01m[K/home/sz/ros2_ws/src/my_cpp_pkg/src/my_first_node.cpp:2[m[K:
[01m[K/home/sz/ros2_ws/src/my_cpp_pkg/src/my_first_node.cpp:[m[K In member function â€˜[01m[Kvoid MyNode::timer_callback()[m[Kâ€™:
[01m[K/home/sz/ros2_ws/src/my_cpp_pkg/src/my_first_node.cpp:24:59:[m[K [01;31m[Kerror: [m[Kexpected â€˜[01m[K)[m[Kâ€™ before â€˜[01m[K}[m[Kâ€™ token
   24 |         RCLCPP_INFO(this->get_logger(), "Hello" + counter_[01;31m[K}[m[K);
      |                                                           [01;31m[K^[m[K
[01m[K/home/sz/ros2_ws/src/my_cpp_pkg/src/my_first_node.cpp:24:9:[m[K [01;36m[Knote: [m[Kto match this â€˜[01m[K([m[Kâ€™
   24 |         [01;36m[KRCLCPP_INFO[m[K(this->get_logger(), "Hello" + counter_});
      |         [01;36m[K^~~~~~~~~~~[m[K
[01m[K/home/sz/ros2_ws/src/my_cpp_pkg/src/my_first_node.cpp:24:9:[m[K [01;31m[Kerror: [m[Kexpected primary-expression before â€˜[01m[K)[m[Kâ€™ token
   24 |         [01;31m[KRCLCPP_INFO[m[K(this->get_logger(), "Hello" + counter_});
      |         [01;31m[K^~~~~~~~~~~[m[K
[01m[K/home/sz/ros2_ws/src/my_cpp_pkg/src/my_first_node.cpp:24:9:[m[K [01;31m[Kerror: [m[Kexpected â€˜[01m[Kwhile[m[Kâ€™ before â€˜[01m[K}[m[Kâ€™ token
   24 |         [01;31m[KRCLCPP_INFO[m[K(this->get_logger(), "Hello" + counter_});
      |         [01;31m[K^~~~~~~~~~~[m[K
[01m[K/home/sz/ros2_ws/src/my_cpp_pkg/src/my_first_node.cpp:24:9:[m[K [01;31m[Kerror: [m[Kexpected â€˜[01m[K([m[Kâ€™ before â€˜[01m[K}[m[Kâ€™ token
[01m[K/home/sz/ros2_ws/src/my_cpp_pkg/src/my_first_node.cpp:24:9:[m[K [01;31m[Kerror: [m[Kexpected primary-expression before â€˜[01m[K}[m[Kâ€™ token
[01m[K/home/sz/ros2_ws/src/my_cpp_pkg/src/my_first_node.cpp:24:9:[m[K [01;31m[Kerror: [m[Kexpected â€˜[01m[K)[m[Kâ€™ before â€˜[01m[K}[m[Kâ€™ token
[01m[K/home/sz/ros2_ws/src/my_cpp_pkg/src/my_first_node.cpp:24:9:[m[K [01;31m[Kerror: [m[Kexpected â€˜[01m[K;[m[Kâ€™ before â€˜[01m[K}[m[Kâ€™ token
make[2]: *** [CMakeFiles/cpp_node.dir/build.make:63: CMakeFiles/cpp_node.dir/src/my_first_node.cpp.o] Error 1
make[1]: *** [CMakeFiles/Makefile2:78: CMakeFiles/cpp_node.dir/all] Error 2
make: *** [Makefile:141: all] Error 2
