[0.024s] Invoking command in '/home/sz/ros2_ws/build/my_cpp_pkg': CMAKE_PREFIX_PATH=${CMAKE_PREFIX_PATH}:/home/sz/ros2_ws/install/my_py_pkg:/opt/ros/foxy /usr/bin/cmake --build /home/sz/ros2_ws/build/my_cpp_pkg -- -j2 -l2
[0.103s] [35m[1mScanning dependencies of target cpp_node[0m
[0.184s] [ 50%] [32mBuilding CXX object CMakeFiles/cpp_node.dir/src/my_first_node.cpp.o[0m
[2.506s] In file included from [01m[K/opt/ros/foxy/include/rclcpp/client.hpp:40[m[K,
[2.507s]                  from [01m[K/opt/ros/foxy/include/rclcpp/callback_group.hpp:23[m[K,
[2.507s]                  from [01m[K/opt/ros/foxy/include/rclcpp/any_executable.hpp:20[m[K,
[2.507s]                  from [01m[K/opt/ros/foxy/include/rclcpp/memory_strategy.hpp:24[m[K,
[2.508s]                  from [01m[K/opt/ros/foxy/include/rclcpp/memory_strategies.hpp:18[m[K,
[2.508s]                  from [01m[K/opt/ros/foxy/include/rclcpp/executor_options.hpp:20[m[K,
[2.509s]                  from [01m[K/opt/ros/foxy/include/rclcpp/executor.hpp:33[m[K,
[2.509s]                  from [01m[K/opt/ros/foxy/include/rclcpp/executors/multi_threaded_executor.hpp:25[m[K,
[2.509s]                  from [01m[K/opt/ros/foxy/include/rclcpp/executors.hpp:21[m[K,
[2.509s]                  from [01m[K/opt/ros/foxy/include/rclcpp/rclcpp.hpp:146[m[K,
[2.509s]                  from [01m[K/home/sz/ros2_ws/src/my_cpp_pkg/src/my_first_node.cpp:2[m[K:
[2.510s] [01m[K/home/sz/ros2_ws/src/my_cpp_pkg/src/my_first_node.cpp:[m[K In member function â€˜[01m[Kvoid MyNode::timer_callback()[m[Kâ€™:
[2.511s] [01m[K/home/sz/ros2_ws/src/my_cpp_pkg/src/my_first_node.cpp:24:59:[m[K [01;31m[Kerror: [m[Kexpected â€˜[01m[K)[m[Kâ€™ before â€˜[01m[K}[m[Kâ€™ token
[2.511s]    24 |         RCLCPP_INFO(this->get_logger(), "Hello" + counter_[01;31m[K}[m[K);
[2.511s]       |                                                           [01;31m[K^[m[K
[2.512s] [01m[K/home/sz/ros2_ws/src/my_cpp_pkg/src/my_first_node.cpp:24:9:[m[K [01;36m[Knote: [m[Kto match this â€˜[01m[K([m[Kâ€™
[2.512s]    24 |         [01;36m[KRCLCPP_INFO[m[K(this->get_logger(), "Hello" + counter_});
[2.512s]       |         [01;36m[K^~~~~~~~~~~[m[K
[2.512s] [01m[K/home/sz/ros2_ws/src/my_cpp_pkg/src/my_first_node.cpp:24:9:[m[K [01;31m[Kerror: [m[Kexpected primary-expression before â€˜[01m[K)[m[Kâ€™ token
[2.512s]    24 |         [01;31m[KRCLCPP_INFO[m[K(this->get_logger(), "Hello" + counter_});
[2.513s]       |         [01;31m[K^~~~~~~~~~~[m[K
[2.513s] [01m[K/home/sz/ros2_ws/src/my_cpp_pkg/src/my_first_node.cpp:24:9:[m[K [01;31m[Kerror: [m[Kexpected â€˜[01m[Kwhile[m[Kâ€™ before â€˜[01m[K}[m[Kâ€™ token
[2.513s]    24 |         [01;31m[KRCLCPP_INFO[m[K(this->get_logger(), "Hello" + counter_});
[2.513s]       |         [01;31m[K^~~~~~~~~~~[m[K
[2.513s] [01m[K/home/sz/ros2_ws/src/my_cpp_pkg/src/my_first_node.cpp:24:9:[m[K [01;31m[Kerror: [m[Kexpected â€˜[01m[K([m[Kâ€™ before â€˜[01m[K}[m[Kâ€™ token
[2.513s] [01m[K/home/sz/ros2_ws/src/my_cpp_pkg/src/my_first_node.cpp:24:9:[m[K [01;31m[Kerror: [m[Kexpected primary-expression before â€˜[01m[K}[m[Kâ€™ token
[2.514s] [01m[K/home/sz/ros2_ws/src/my_cpp_pkg/src/my_first_node.cpp:24:9:[m[K [01;31m[Kerror: [m[Kexpected â€˜[01m[K)[m[Kâ€™ before â€˜[01m[K}[m[Kâ€™ token
[2.514s] [01m[K/home/sz/ros2_ws/src/my_cpp_pkg/src/my_first_node.cpp:24:9:[m[K [01;31m[Kerror: [m[Kexpected â€˜[01m[K;[m[Kâ€™ before â€˜[01m[K}[m[Kâ€™ token
[3.199s] make[2]: *** [CMakeFiles/cpp_node.dir/build.make:63: CMakeFiles/cpp_node.dir/src/my_first_node.cpp.o] Error 1
[3.200s] make[1]: *** [CMakeFiles/Makefile2:78: CMakeFiles/cpp_node.dir/all] Error 2
[3.200s] make: *** [Makefile:141: all] Error 2
[3.203s] Invoked command in '/home/sz/ros2_ws/build/my_cpp_pkg' returned '2': CMAKE_PREFIX_PATH=${CMAKE_PREFIX_PATH}:/home/sz/ros2_ws/install/my_py_pkg:/opt/ros/foxy /usr/bin/cmake --build /home/sz/ros2_ws/build/my_cpp_pkg -- -j2 -l2
