[35m[1mScanning dependencies of target cpp_node[0m
[ 50%] [32mBuilding CXX object CMakeFiles/cpp_node.dir/src/my_first_node.cpp.o[0m
[01m[K/home/sz/ros2_ws/src/my_cpp_pkg/src/my_first_node.cpp:20:10:[m[K [01;31m[Kerror: [m[Kextra qualification â€˜[01m[KMyNode::[m[Kâ€™ on member â€˜[01m[Ktimer_callback[m[Kâ€™ [[01;31m[K-fpermissive[m[K]
   20 |     void [01;31m[KMyNode[m[K::timer_callback()
      |          [01;31m[K^~~~~~[m[K
[01m[K/home/sz/ros2_ws/src/my_cpp_pkg/src/my_first_node.cpp:[m[K In constructor â€˜[01m[KMyNode::MyNode()[m[Kâ€™:
[01m[K/home/sz/ros2_ws/src/my_cpp_pkg/src/my_first_node.cpp:16:57:[m[K [01;31m[Kerror: [m[Kinvalid use of void expression
   16 |         rclcpp::create_timer(0.5, this->timer_callback()[01;31m[K)[m[K;
      |                                                         [01;31m[K^[m[K
make[2]: *** [CMakeFiles/cpp_node.dir/build.make:63: CMakeFiles/cpp_node.dir/src/my_first_node.cpp.o] Error 1
make[1]: *** [CMakeFiles/Makefile2:78: CMakeFiles/cpp_node.dir/all] Error 2
make: *** [Makefile:141: all] Error 2
