[0.032s] Invoking command in '/home/sz/ros2_ws/build/my_cpp_pkg': CMAKE_PREFIX_PATH=${CMAKE_PREFIX_PATH}:/home/sz/ros2_ws/install/my_py_pkg:/opt/ros/foxy /usr/bin/cmake --build /home/sz/ros2_ws/build/my_cpp_pkg -- -j2 -l2
[0.097s] [35m[1mScanning dependencies of target cpp_node[0m
[0.169s] [ 50%] [32mBuilding CXX object CMakeFiles/cpp_node.dir/src/my_first_node.cpp.o[0m
[2.220s] [01m[K/home/sz/ros2_ws/src/my_cpp_pkg/src/my_first_node.cpp:20:10:[m[K [01;31m[Kerror: [m[Kextra qualification â€˜[01m[KMyNode::[m[Kâ€™ on member â€˜[01m[Ktimer_callback[m[Kâ€™ [[01;31m[K-fpermissive[m[K]
[2.221s]    20 |     void [01;31m[KMyNode[m[K::timer_callback()
[2.221s]       |          [01;31m[K^~~~~~[m[K
[2.223s] [01m[K/home/sz/ros2_ws/src/my_cpp_pkg/src/my_first_node.cpp:[m[K In constructor â€˜[01m[KMyNode::MyNode()[m[Kâ€™:
[2.223s] [01m[K/home/sz/ros2_ws/src/my_cpp_pkg/src/my_first_node.cpp:16:57:[m[K [01;31m[Kerror: [m[Kinvalid use of void expression
[2.223s]    16 |         rclcpp::create_timer(0.5, this->timer_callback()[01;31m[K)[m[K;
[2.223s]       |                                                         [01;31m[K^[m[K
[2.790s] make[2]: *** [CMakeFiles/cpp_node.dir/build.make:63: CMakeFiles/cpp_node.dir/src/my_first_node.cpp.o] Error 1
[2.790s] make[1]: *** [CMakeFiles/Makefile2:78: CMakeFiles/cpp_node.dir/all] Error 2
[2.790s] make: *** [Makefile:141: all] Error 2
[2.793s] Invoked command in '/home/sz/ros2_ws/build/my_cpp_pkg' returned '2': CMAKE_PREFIX_PATH=${CMAKE_PREFIX_PATH}:/home/sz/ros2_ws/install/my_py_pkg:/opt/ros/foxy /usr/bin/cmake --build /home/sz/ros2_ws/build/my_cpp_pkg -- -j2 -l2
