[0.025s] Invoking command in '/home/sz/ros2_ws/build/my_cpp_pkg': CMAKE_PREFIX_PATH=${CMAKE_PREFIX_PATH}:/home/sz/ros2_ws/install/my_py_pkg:/opt/ros/foxy /usr/bin/cmake --build /home/sz/ros2_ws/build/my_cpp_pkg -- -j2 -l2
[0.106s] [35m[1mScanning dependencies of target cpp_node[0m
[0.166s] [ 50%] [32mBuilding CXX object CMakeFiles/cpp_node.dir/src/my_first_node.cpp.o[0m
[2.111s] [01m[K/home/sz/ros2_ws/src/my_cpp_pkg/src/my_first_node.cpp:[m[K In member function â€˜[01m[Kvoid MyNode::counter_up()[m[Kâ€™:
[2.111s] [01m[K/home/sz/ros2_ws/src/my_cpp_pkg/src/my_first_node.cpp:24:57:[m[K [01;31m[Kerror: [m[Kinvalid use of void expression
[2.112s]    24 |         rclcpp::create_timer(0.5, this->timer_callback()[01;31m[K)[m[K;
[2.112s]       |                                                         [01;31m[K^[m[K
[2.118s] [01m[K/home/sz/ros2_ws/src/my_cpp_pkg/src/my_first_node.cpp:[m[K In function â€˜[01m[Kint main(int, char**)[m[Kâ€™:
[2.118s] [01m[K/home/sz/ros2_ws/src/my_cpp_pkg/src/my_first_node.cpp:35:11:[m[K [01;31m[Kerror: [m[Kinvalid use of non-static member function â€˜[01m[Kvoid MyNode::counter_up()[m[Kâ€™
[2.118s]    35 |     [01;31m[Knode->counter_up[m[K;
[2.118s]       |     [01;31m[K~~~~~~^~~~~~~~~~[m[K
[2.118s] [01m[K/home/sz/ros2_ws/src/my_cpp_pkg/src/my_first_node.cpp:23:10:[m[K [01;36m[Knote: [m[Kdeclared here
[2.119s]    23 |     void [01;36m[Kcounter_up[m[K(){
[2.119s]       |          [01;36m[K^~~~~~~~~~[m[K
[2.711s] make[2]: *** [CMakeFiles/cpp_node.dir/build.make:63: CMakeFiles/cpp_node.dir/src/my_first_node.cpp.o] Error 1
[2.711s] make[1]: *** [CMakeFiles/Makefile2:78: CMakeFiles/cpp_node.dir/all] Error 2
[2.716s] make: *** [Makefile:141: all] Error 2
[2.717s] Invoked command in '/home/sz/ros2_ws/build/my_cpp_pkg' returned '2': CMAKE_PREFIX_PATH=${CMAKE_PREFIX_PATH}:/home/sz/ros2_ws/install/my_py_pkg:/opt/ros/foxy /usr/bin/cmake --build /home/sz/ros2_ws/build/my_cpp_pkg -- -j2 -l2
