[01m[K/home/sz/ros2_ws/src/my_cpp_pkg/src/my_first_node.cpp:[m[K In constructor â€˜[01m[KMyNode::MyNode()[m[Kâ€™:
[01m[K/home/sz/ros2_ws/src/my_cpp_pkg/src/my_first_node.cpp:16:9:[m[K [01;31m[Kerror: [m[Kâ€˜[01m[Kcreate_timer[m[Kâ€™ was not declared in this scope; did you mean â€˜[01m[Krclcpp::create_timer[m[Kâ€™?
   16 |         [01;31m[Kcreate_timer[m[K(0.5, this->timer_callback());
      |         [01;31m[K^~~~~~~~~~~~[m[K
      |         [32m[Krclcpp::create_timer[m[K
In file included from [01m[K/opt/ros/foxy/include/rclcpp/node_impl.hpp:41[m[K,
                 from [01m[K/opt/ros/foxy/include/rclcpp/node.hpp:1221[m[K,
                 from [01m[K/opt/ros/foxy/include/rclcpp/executors/single_threaded_executor.hpp:28[m[K,
                 from [01m[K/opt/ros/foxy/include/rclcpp/executors.hpp:22[m[K,
                 from [01m[K/opt/ros/foxy/include/rclcpp/rclcpp.hpp:146[m[K,
                 from [01m[K/home/sz/ros2_ws/src/my_cpp_pkg/src/my_first_node.cpp:2[m[K:
[01m[K/opt/ros/foxy/include/rclcpp/create_timer.hpp:57:1:[m[K [01;36m[Knote: [m[Kâ€˜[01m[Krclcpp::create_timer[m[Kâ€™ declared here
   57 | [01;36m[Kcreate_timer[m[K(
      | [01;36m[K^~~~~~~~~~~~[m[K
make[2]: *** [CMakeFiles/cpp_node.dir/build.make:63: CMakeFiles/cpp_node.dir/src/my_first_node.cpp.o] Error 1
make[1]: *** [CMakeFiles/Makefile2:78: CMakeFiles/cpp_node.dir/all] Error 2
make: *** [Makefile:141: all] Error 2
