[0.024s] Invoking command in '/home/sz/ros2_ws/build/my_cpp_pkg': CMAKE_PREFIX_PATH=${CMAKE_PREFIX_PATH}:/home/sz/ros2_ws/install/my_py_pkg:/opt/ros/foxy /usr/bin/cmake --build /home/sz/ros2_ws/build/my_cpp_pkg -- -j2 -l2
[0.097s] [35m[1mScanning dependencies of target cpp_node[0m
[0.169s] [ 50%] [32mBuilding CXX object CMakeFiles/cpp_node.dir/src/my_first_node.cpp.o[0m
[2.121s] [01m[K/home/sz/ros2_ws/src/my_cpp_pkg/src/my_first_node.cpp:[m[K In constructor â€˜[01m[KMyNode::MyNode()[m[Kâ€™:
[2.121s] [01m[K/home/sz/ros2_ws/src/my_cpp_pkg/src/my_first_node.cpp:16:9:[m[K [01;31m[Kerror: [m[Kâ€˜[01m[Kcreate_timer[m[Kâ€™ was not declared in this scope; did you mean â€˜[01m[Krclcpp::create_timer[m[Kâ€™?
[2.122s]    16 |         [01;31m[Kcreate_timer[m[K(0.5, this->timer_callback());
[2.122s]       |         [01;31m[K^~~~~~~~~~~~[m[K
[2.122s]       |         [32m[Krclcpp::create_timer[m[K
[2.122s] In file included from [01m[K/opt/ros/foxy/include/rclcpp/node_impl.hpp:41[m[K,
[2.123s]                  from [01m[K/opt/ros/foxy/include/rclcpp/node.hpp:1221[m[K,
[2.123s]                  from [01m[K/opt/ros/foxy/include/rclcpp/executors/single_threaded_executor.hpp:28[m[K,
[2.123s]                  from [01m[K/opt/ros/foxy/include/rclcpp/executors.hpp:22[m[K,
[2.123s]                  from [01m[K/opt/ros/foxy/include/rclcpp/rclcpp.hpp:146[m[K,
[2.123s]                  from [01m[K/home/sz/ros2_ws/src/my_cpp_pkg/src/my_first_node.cpp:2[m[K:
[2.123s] [01m[K/opt/ros/foxy/include/rclcpp/create_timer.hpp:57:1:[m[K [01;36m[Knote: [m[Kâ€˜[01m[Krclcpp::create_timer[m[Kâ€™ declared here
[2.123s]    57 | [01;36m[Kcreate_timer[m[K(
[2.123s]       | [01;36m[K^~~~~~~~~~~~[m[K
[2.674s] make[2]: *** [CMakeFiles/cpp_node.dir/build.make:63: CMakeFiles/cpp_node.dir/src/my_first_node.cpp.o] Error 1
[2.674s] make[1]: *** [CMakeFiles/Makefile2:78: CMakeFiles/cpp_node.dir/all] Error 2
[2.675s] make: *** [Makefile:141: all] Error 2
[2.678s] Invoked command in '/home/sz/ros2_ws/build/my_cpp_pkg' returned '2': CMAKE_PREFIX_PATH=${CMAKE_PREFIX_PATH}:/home/sz/ros2_ws/install/my_py_pkg:/opt/ros/foxy /usr/bin/cmake --build /home/sz/ros2_ws/build/my_cpp_pkg -- -j2 -l2
